TN:
SF:src\app.ts
FN:26,(anonymous_8)
FN:26,(anonymous_9)
FNF:2
FNH:0
FNDA:0,(anonymous_8)
FNDA:0,(anonymous_9)
DA:1,4
DA:2,4
DA:3,4
DA:4,4
DA:5,4
DA:6,4
DA:7,4
DA:8,4
DA:9,4
DA:12,4
DA:13,4
DA:14,4
DA:15,4
DA:21,4
DA:22,4
DA:23,4
DA:24,4
DA:26,4
DA:27,0
DA:30,4
DA:32,4
LF:21
LH:20
BRF:0
BRH:0
end_of_record
TN:
SF:src\models\user.ts
FN:36,(anonymous_8)
FN:46,(anonymous_9)
FN:55,(anonymous_11)
FNF:3
FNH:3
FNDA:9,(anonymous_8)
FNDA:8,(anonymous_9)
FNDA:8,(anonymous_11)
DA:1,4
DA:2,4
DA:23,4
DA:37,9
DA:38,9
DA:39,9
DA:40,9
DA:46,4
DA:47,8
DA:48,8
DA:49,8
DA:52,8
DA:55,4
DA:56,8
DA:59,4
DA:61,4
LF:16
LH:16
BRDA:47,0,0,8
BRF:1
BRH:1
end_of_record
TN:
SF:src\routes\current-user.ts
FN:7,(anonymous_1)
FNF:1
FNH:1
FNDA:2,(anonymous_1)
DA:1,4
DA:2,4
DA:4,4
DA:5,4
DA:6,4
DA:7,4
DA:8,2
DA:13,0
DA:15,4
LF:9
LH:8
BRDA:8,0,0,2
BRDA:8,0,1,1
BRF:2
BRH:2
end_of_record
TN:
SF:src\routes\signin.ts
FN:20,(anonymous_8)
FN:20,(anonymous_9)
FNF:2
FNH:2
FNDA:3,(anonymous_8)
FNDA:3,(anonymous_9)
DA:1,4
DA:2,4
DA:3,4
DA:4,4
DA:5,4
DA:6,4
DA:8,4
DA:9,4
DA:10,4
DA:20,3
DA:22,3
DA:23,3
DA:24,3
DA:25,1
DA:27,2
DA:31,2
DA:32,1
DA:36,1
DA:45,1
DA:48,1
DA:52,4
LF:21
LH:21
BRDA:24,0,0,1
BRDA:31,1,0,1
BRF:2
BRH:2
end_of_record
TN:
SF:src\routes\signout.ts
FN:6,(anonymous_1)
FNF:1
FNH:1
FNDA:1,(anonymous_1)
DA:1,4
DA:4,4
DA:6,4
DA:7,1
DA:8,1
DA:11,4
LF:6
LH:6
BRF:0
BRH:0
end_of_record
TN:
SF:src\routes\signup.ts
FN:19,(anonymous_8)
FN:19,(anonymous_9)
FNF:2
FNH:2
FNDA:9,(anonymous_8)
FNDA:9,(anonymous_9)
DA:1,4
DA:2,4
DA:3,4
DA:4,4
DA:5,4
DA:7,4
DA:9,4
DA:19,9
DA:21,9
DA:23,9
DA:24,9
DA:25,1
DA:27,8
DA:28,8
DA:31,8
DA:40,8
DA:44,8
DA:48,4
LF:18
LH:18
BRDA:24,0,0,1
BRF:1
BRH:1
end_of_record
TN:
SF:src\services\password.ts
FN:6,(anonymous_7)
FN:12,(anonymous_9)
FNF:2
FNH:2
FNDA:8,(anonymous_7)
FNDA:2,(anonymous_9)
DA:1,4
DA:2,4
DA:4,4
DA:5,4
DA:7,8
DA:8,8
DA:9,8
DA:13,2
DA:14,2
DA:15,2
LF:10
LH:10
BRF:0
BRH:0
end_of_record
