{"C:\\SourceControl\\ticketing\\tickets\\src\\app.ts": {"path":"C:\\SourceControl\\ticketing\\tickets\\src\\app.ts","statementMap":{"0":{"start":{"line":1,"column":0},"end":{"line":1,"column":30}},"1":{"start":{"line":2,"column":0},"end":{"line":2,"column":30}},"2":{"start":{"line":3,"column":0},"end":{"line":3,"column":35}},"3":{"start":{"line":4,"column":0},"end":{"line":4,"column":42}},"4":{"start":{"line":5,"column":0},"end":{"line":5,"column":73}},"5":{"start":{"line":6,"column":0},"end":{"line":6,"column":50}},"6":{"start":{"line":7,"column":0},"end":{"line":7,"column":57}},"7":{"start":{"line":12,"column":12},"end":{"line":12,"column":21}},"8":{"start":{"line":30,"column":9},"end":{"line":30,"column":12}},"9":{"start":{"line":13,"column":0},"end":{"line":13,"column":29}},"10":{"start":{"line":14,"column":0},"end":{"line":14,"column":16}},"11":{"start":{"line":15,"column":0},"end":{"line":19,"column":4}},"12":{"start":{"line":20,"column":0},"end":{"line":20,"column":21}},"13":{"start":{"line":21,"column":0},"end":{"line":21,"column":28}},"14":{"start":{"line":23,"column":0},"end":{"line":26,"column":3}},"15":{"start":{"line":23,"column":31},"end":{"line":26,"column":2}},"16":{"start":{"line":24,"column":2},"end":{"line":24,"column":null}},"17":{"start":{"line":25,"column":2},"end":{"line":25,"column":28}},"18":{"start":{"line":28,"column":0},"end":{"line":28,"column":22}}},"fnMap":{"0":{"name":"(anonymous_8)","decl":{"start":{"line":23,"column":13},"end":{"line":23,"column":19}},"loc":{"start":{"line":23,"column":31},"end":{"line":26,"column":2}}},"1":{"name":"(anonymous_9)","decl":{"start":{"line":23,"column":31},"end":{"line":23,"column":null}},"loc":{"start":{"line":23,"column":31},"end":{"line":26,"column":1}}}},"branchMap":{},"s":{"0":1,"1":1,"2":1,"3":1,"4":1,"5":1,"6":1,"7":1,"8":1,"9":1,"10":1,"11":1,"12":1,"13":1,"14":1,"15":0,"16":0,"17":0,"18":1},"f":{"0":0,"1":0},"b":{}}
,"C:\\SourceControl\\ticketing\\tickets\\src\\models\\ticket.ts": {"path":"C:\\SourceControl\\ticketing\\tickets\\src\\models\\ticket.ts","statementMap":{"0":{"start":{"line":1,"column":0},"end":{"line":1,"column":32}},"1":{"start":{"line":19,"column":21},"end":{"line":41,"column":null}},"2":{"start":{"line":37,"column":8},"end":{"line":37,"column":25}},"3":{"start":{"line":38,"column":8},"end":{"line":38,"column":23}},"4":{"start":{"line":44,"column":0},"end":{"line":46,"column":2}},"5":{"start":{"line":45,"column":2},"end":{"line":45,"column":27}},"6":{"start":{"line":48,"column":15},"end":{"line":48,"column":77}},"7":{"start":{"line":50,"column":9},"end":{"line":50,"column":15}}},"fnMap":{"0":{"name":"(anonymous_1)","decl":{"start":{"line":36,"column":6},"end":{"line":36,"column":15}},"loc":{"start":{"line":36,"column":24},"end":{"line":39,"column":7}}},"1":{"name":"(anonymous_2)","decl":{"start":{"line":44,"column":29},"end":{"line":44,"column":30}},"loc":{"start":{"line":44,"column":52},"end":{"line":46,"column":1}}}},"branchMap":{},"s":{"0":1,"1":1,"2":1,"3":1,"4":1,"5":1,"6":1,"7":1},"f":{"0":1,"1":1},"b":{}}
,"C:\\SourceControl\\ticketing\\tickets\\src\\routes\\new.ts": {"path":"C:\\SourceControl\\ticketing\\tickets\\src\\routes\\new.ts","statementMap":{"0":{"start":{"line":1,"column":0},"end":{"line":1,"column":74}},"1":{"start":{"line":2,"column":0},"end":{"line":2,"column":41}},"2":{"start":{"line":3,"column":0},"end":{"line":3,"column":53}},"3":{"start":{"line":4,"column":0},"end":{"line":4,"column":42}},"4":{"start":{"line":6,"column":15},"end":{"line":6,"column":31}},"5":{"start":{"line":30,"column":19},"end":{"line":30,"column":37}},"6":{"start":{"line":8,"column":0},"end":{"line":28,"column":2}},"7":{"start":{"line":18,"column":40},"end":{"line":27,"column":null}},"8":{"start":{"line":19,"column":29},"end":{"line":19,"column":37}},"9":{"start":{"line":20,"column":19},"end":{"line":24,"column":6}},"10":{"start":{"line":25,"column":4},"end":{"line":25,"column":null}},"11":{"start":{"line":26,"column":4},"end":{"line":26,"column":33}}},"fnMap":{"0":{"name":"(anonymous_8)","decl":{"start":{"line":18,"column":2},"end":{"line":18,"column":9}},"loc":{"start":{"line":18,"column":40},"end":{"line":27,"column":null}}},"1":{"name":"(anonymous_9)","decl":{"start":{"line":18,"column":40},"end":{"line":18,"column":null}},"loc":{"start":{"line":18,"column":40},"end":{"line":27,"column":3}}}},"branchMap":{},"s":{"0":1,"1":1,"2":1,"3":1,"4":1,"5":1,"6":1,"7":1,"8":1,"9":1,"10":1,"11":1},"f":{"0":1,"1":1},"b":{}}
}
