TN:
SF:src\app.ts
FN:23,(anonymous_8)
FN:23,(anonymous_9)
FNF:2
FNH:0
FNDA:0,(anonymous_8)
FNDA:0,(anonymous_9)
DA:1,1
DA:2,1
DA:3,1
DA:4,1
DA:5,1
DA:6,1
DA:7,1
DA:12,1
DA:13,1
DA:14,1
DA:15,1
DA:20,1
DA:21,1
DA:23,1
DA:24,0
DA:25,0
DA:28,1
DA:30,1
LF:18
LH:16
BRF:0
BRH:0
end_of_record
TN:
SF:src\models\ticket.ts
FN:36,(anonymous_1)
FN:44,(anonymous_2)
FNF:2
FNH:2
FNDA:1,(anonymous_1)
FNDA:1,(anonymous_2)
DA:1,1
DA:19,1
DA:37,1
DA:38,1
DA:44,1
DA:45,1
DA:48,1
DA:50,1
LF:8
LH:8
BRF:0
BRH:0
end_of_record
TN:
SF:src\routes\new.ts
FN:18,(anonymous_8)
FN:18,(anonymous_9)
FNF:2
FNH:2
FNDA:1,(anonymous_8)
FNDA:1,(anonymous_9)
DA:1,1
DA:2,1
DA:3,1
DA:4,1
DA:6,1
DA:8,1
DA:18,1
DA:19,1
DA:20,1
DA:25,1
DA:26,1
DA:30,1
LF:12
LH:12
BRF:0
BRH:0
end_of_record
