TN:
SF:src\app.ts
FN:26,(anonymous_8)
FN:26,(anonymous_9)
FNF:2
FNH:0
FNDA:0,(anonymous_8)
FNDA:0,(anonymous_9)
DA:1,4
DA:2,4
DA:3,4
DA:4,4
DA:5,4
DA:6,4
DA:7,4
DA:8,4
DA:9,4
DA:10,4
DA:12,4
DA:13,4
DA:14,4
DA:15,4
DA:20,4
DA:21,4
DA:22,4
DA:23,4
DA:24,4
DA:26,4
DA:27,0
DA:28,0
DA:31,4
DA:33,4
LF:24
LH:22
BRF:0
BRH:0
end_of_record
TN:
SF:src\models\ticket.ts
FN:36,(anonymous_1)
FN:44,(anonymous_2)
FNF:2
FNH:2
FNDA:14,(anonymous_1)
FNDA:8,(anonymous_2)
DA:1,4
DA:19,4
DA:37,14
DA:38,14
DA:44,4
DA:45,8
DA:48,4
DA:50,4
LF:8
LH:8
BRF:0
BRH:0
end_of_record
TN:
SF:src\routes\indext.ts
FN:6,(anonymous_8)
FN:6,(anonymous_9)
FNF:2
FNH:2
FNDA:1,(anonymous_8)
FNDA:1,(anonymous_9)
DA:1,4
DA:2,4
DA:4,4
DA:6,4
DA:7,1
DA:8,1
DA:11,4
LF:7
LH:7
BRF:0
BRH:0
end_of_record
TN:
SF:src\routes\new.ts
FN:18,(anonymous_8)
FN:18,(anonymous_9)
FNF:2
FNH:2
FNDA:8,(anonymous_8)
FNDA:8,(anonymous_9)
DA:1,4
DA:2,4
DA:3,4
DA:4,4
DA:6,4
DA:8,4
DA:18,8
DA:19,8
DA:20,8
DA:25,8
DA:26,8
DA:30,4
LF:12
LH:12
BRF:0
BRH:0
end_of_record
TN:
SF:src\routes\show.ts
FN:7,(anonymous_8)
FN:7,(anonymous_9)
FNF:2
FNH:2
FNDA:3,(anonymous_8)
FNDA:3,(anonymous_9)
DA:1,4
DA:2,4
DA:3,4
DA:5,4
DA:7,4
DA:8,3
DA:10,3
DA:11,1
DA:13,2
DA:16,4
LF:10
LH:10
BRDA:10,0,0,1
BRF:1
BRH:1
end_of_record
TN:
SF:src\routes\update.ts
FN:26,(anonymous_8)
FN:26,(anonymous_9)
FNF:2
FNH:2
FNDA:3,(anonymous_8)
FNDA:3,(anonymous_9)
DA:1,4
DA:2,4
DA:3,4
DA:9,4
DA:11,4
DA:12,4
DA:14,4
DA:26,3
DA:27,3
DA:29,3
DA:30,1
DA:33,2
DA:34,1
DA:37,1
DA:42,1
DA:44,1
DA:48,4
LF:17
LH:17
BRDA:29,0,0,1
BRDA:33,1,0,1
BRF:2
BRH:2
end_of_record
